{"numFailedTestSuites":1,"numFailedTests":1,"numPassedTestSuites":0,"numPassedTests":3,"numPendingTestSuites":0,"numPendingTests":0,"numRuntimeErrorTestSuites":0,"numTodoTests":0,"numTotalTestSuites":1,"numTotalTests":4,"openHandles":[],"snapshot":{"added":0,"didUpdate":false,"failure":false,"filesAdded":0,"filesRemoved":0,"filesRemovedList":[],"filesUnmatched":0,"filesUpdated":0,"matched":0,"total":0,"unchecked":0,"uncheckedKeysByFile":[],"unmatched":0,"updated":0},"startTime":1683096158616,"success":false,"testResults":[{"assertionResults":[{"ancestorTitles":["Auth - Client"],"failureMessages":[],"fullName":"Auth - Client 🧩 유저 정보가 충분하지 않은 상태에서 로그인 버튼을 누를 시 에러메시지가 나타나야 합니다.","location":null,"status":"passed","title":"🧩 유저 정보가 충분하지 않은 상태에서 로그인 버튼을 누를 시 에러메시지가 나타나야 합니다."},{"ancestorTitles":["Auth - Client"],"failureMessages":["Error: Unable to find an element with the text: LOGOUT. This could be because the text is broken up by multiple elements. In this case, you can provide a function for your text matcher to make your matcher more flexible.\n\nIgnored nodes: comments, <script />, <style />\n\u001b[36m<body>\u001b[39m\n  \u001b[36m<div>\u001b[39m\n    \u001b[36m<div\u001b[39m\n      \u001b[33mclass\u001b[39m=\u001b[32m\"main\"\u001b[39m\n    \u001b[36m>\u001b[39m\n      \u001b[36m<div\u001b[39m\n        \u001b[33mclass\u001b[39m=\u001b[32m\"container\"\u001b[39m\n      \u001b[36m>\u001b[39m\n        \u001b[36m<div\u001b[39m\n          \u001b[33mclass\u001b[39m=\u001b[32m\"left-box\"\u001b[39m\n        \u001b[36m>\u001b[39m\n          \u001b[36m<span>\u001b[39m\n            \u001b[0mEducation\u001b[0m\n            \u001b[36m<p>\u001b[39m\n              \u001b[0mfor the\u001b[0m\n            \u001b[36m</p>\u001b[39m\n            \u001b[0mReal World\u001b[0m\n          \u001b[36m</span>\u001b[39m\n        \u001b[36m</div>\u001b[39m\n        \u001b[36m<div\u001b[39m\n          \u001b[33mclass\u001b[39m=\u001b[32m\"right-box\"\u001b[39m\n        \u001b[36m>\u001b[39m\n          \u001b[36m<h1>\u001b[39m\n            \u001b[0mAUTH STATES\u001b[0m\n          \u001b[36m</h1>\u001b[39m\n          \u001b[36m<form>\u001b[39m\n            \u001b[36m<div\u001b[39m\n              \u001b[33mclass\u001b[39m=\u001b[32m\"input-field\"\u001b[39m\n            \u001b[36m>\u001b[39m\n              \u001b[36m<span>\u001b[39m\n                \u001b[0mID\u001b[0m\n              \u001b[36m</span>\u001b[39m\n              \u001b[36m<input\u001b[39m\n                \u001b[33mdata-testid\u001b[39m=\u001b[32m\"id-input\"\u001b[39m\n                \u001b[33mtype\u001b[39m=\u001b[32m\"text\"\u001b[39m\n              \u001b[36m/>\u001b[39m\n              \u001b[36m<span>\u001b[39m\n                \u001b[0mPassword\u001b[0m\n              \u001b[36m</span>\u001b[39m\n              \u001b[36m<input\u001b[39m\n                \u001b[33mdata-testid\u001b[39m=\u001b[32m\"password-input\"\u001b[39m\n                \u001b[33mtype\u001b[39m=\u001b[32m\"password\"\u001b[39m\n              \u001b[36m/>\u001b[39m\n              \u001b[36m<label\u001b[39m\n                \u001b[33mclass\u001b[39m=\u001b[32m\"checkbox-container\"\u001b[39m\n              \u001b[36m>\u001b[39m\n                \u001b[36m<input\u001b[39m\n                  \u001b[33mtype\u001b[39m=\u001b[32m\"checkbox\"\u001b[39m\n                \u001b[36m/>\u001b[39m\n                \u001b[0m 로그인 상태 유지하기\u001b[0m\n              \u001b[36m</label>\u001b[39m\n            \u001b[36m</div>\u001b[39m\n            \u001b[36m<button\u001b[39m\n              \u001b[33mtype\u001b[39m=\u001b[32m\"submit\"\u001b[39m\n            \u001b[36m>\u001b[39m\n              \u001b[0mLOGIN\u001b[0m\n            \u001b[36m</button>\u001b[39m\n            \u001b[36m<div\u001b[39m\n              \u001b[33mdata-testid\u001b[39m=\u001b[32m\"alert-message\"\u001b[39m\n              \u001b[33mid\u001b[39m=\u001b[32m\"alert-message\"\u001b[39m\n            \u001b[36m>\u001b[39m\n              \u001b[0m로그인에 실패했습니다.\u001b[0m\n            \u001b[36m</div>\u001b[39m\n          \u001b[36m</form>\u001b[39m\n        \u001b[36m</div>\u001b[39m\n      \u001b[36m</div>\u001b[39m\n    \u001b[36m</div>\u001b[39m\n  \u001b[36m</div>\u001b[39m\n\u001b[36m</body>\u001b[39m\n    at waitForWrapper (/home/emma/바탕화면/git/fe-sprint-auth-token/client/node_modules/@testing-library/dom/dist/wait-for.js:187:27)\n    at findByText (/home/emma/바탕화면/git/fe-sprint-auth-token/client/node_modules/@testing-library/dom/dist/query-helpers.js:101:33)\n    at Object.<anonymous> (/home/emma/바탕화면/git/fe-sprint-auth-token/client/src/__test__/client.test.js:69:36)\n    at Promise.then.completed (/home/emma/바탕화면/git/fe-sprint-auth-token/client/node_modules/jest-circus/build/utils.js:391:28)\n    at new Promise (<anonymous>)\n    at callAsyncCircusFn (/home/emma/바탕화면/git/fe-sprint-auth-token/client/node_modules/jest-circus/build/utils.js:316:10)\n    at _callCircusTest (/home/emma/바탕화면/git/fe-sprint-auth-token/client/node_modules/jest-circus/build/run.js:218:40)\n    at _runTest (/home/emma/바탕화면/git/fe-sprint-auth-token/client/node_modules/jest-circus/build/run.js:155:3)\n    at _runTestsForDescribeBlock (/home/emma/바탕화면/git/fe-sprint-auth-token/client/node_modules/jest-circus/build/run.js:66:9)\n    at _runTestsForDescribeBlock (/home/emma/바탕화면/git/fe-sprint-auth-token/client/node_modules/jest-circus/build/run.js:60:9)\n    at run (/home/emma/바탕화면/git/fe-sprint-auth-token/client/node_modules/jest-circus/build/run.js:25:3)\n    at runAndTransformResultsToJestFormat (/home/emma/바탕화면/git/fe-sprint-auth-token/client/node_modules/jest-circus/build/legacy-code-todo-rewrite/jestAdapterInit.js:170:21)\n    at jestAdapter (/home/emma/바탕화면/git/fe-sprint-auth-token/client/node_modules/jest-circus/build/legacy-code-todo-rewrite/jestAdapter.js:82:19)\n    at runTestInternal (/home/emma/바탕화면/git/fe-sprint-auth-token/client/node_modules/jest-runner/build/runTest.js:389:16)\n    at runTest (/home/emma/바탕화면/git/fe-sprint-auth-token/client/node_modules/jest-runner/build/runTest.js:475:34)\n    at TestRunner.runTests (/home/emma/바탕화면/git/fe-sprint-auth-token/client/node_modules/jest-runner/build/index.js:101:12)\n    at TestScheduler.scheduleTests (/home/emma/바탕화면/git/fe-sprint-auth-token/client/node_modules/@jest/core/build/TestScheduler.js:333:13)\n    at runJest (/home/emma/바탕화면/git/fe-sprint-auth-token/client/node_modules/@jest/core/build/runJest.js:404:19)\n    at _run10000 (/home/emma/바탕화면/git/fe-sprint-auth-token/client/node_modules/@jest/core/build/cli/index.js:320:7)\n    at runCLI (/home/emma/바탕화면/git/fe-sprint-auth-token/client/node_modules/@jest/core/build/cli/index.js:173:3)\n    at Object.run (/home/emma/바탕화면/git/fe-sprint-auth-token/client/node_modules/jest-cli/build/cli/index.js:155:37)"],"fullName":"Auth - Client 🧩 로그인 버튼 클릭 시 성공적으로 로그인되어야 합니다.","location":null,"status":"failed","title":"🧩 로그인 버튼 클릭 시 성공적으로 로그인되어야 합니다."},{"ancestorTitles":["Auth - Client"],"failureMessages":[],"fullName":"Auth - Client 🧩 로그아웃 버튼 클릭 시 성공적으로 로그아웃되어야 합니다.","location":null,"status":"passed","title":"🧩 로그아웃 버튼 클릭 시 성공적으로 로그아웃되어야 합니다."},{"ancestorTitles":["Auth - Client"],"failureMessages":[],"fullName":"Auth - Client 🧩 존재하지 않는 유저의 정보로 로그인할 시 에러메시지가 나타나야 합니다.","location":null,"status":"passed","title":"🧩 존재하지 않는 유저의 정보로 로그인할 시 에러메시지가 나타나야 합니다."}],"endTime":1683096161402,"message":"  ● Auth - Client › 🧩 로그인 버튼 클릭 시 성공적으로 로그인되어야 합니다.\n\n    Unable to find an element with the text: LOGOUT. This could be because the text is broken up by multiple elements. In this case, you can provide a function for your text matcher to make your matcher more flexible.\n\n    Ignored nodes: comments, <script />, <style />\n    \u001b[36m<body>\u001b[39m\n      \u001b[36m<div>\u001b[39m\n        \u001b[36m<div\u001b[39m\n          \u001b[33mclass\u001b[39m=\u001b[32m\"main\"\u001b[39m\n        \u001b[36m>\u001b[39m\n          \u001b[36m<div\u001b[39m\n            \u001b[33mclass\u001b[39m=\u001b[32m\"container\"\u001b[39m\n          \u001b[36m>\u001b[39m\n            \u001b[36m<div\u001b[39m\n              \u001b[33mclass\u001b[39m=\u001b[32m\"left-box\"\u001b[39m\n            \u001b[36m>\u001b[39m\n              \u001b[36m<span>\u001b[39m\n                \u001b[0mEducation\u001b[0m\n                \u001b[36m<p>\u001b[39m\n                  \u001b[0mfor the\u001b[0m\n                \u001b[36m</p>\u001b[39m\n                \u001b[0mReal World\u001b[0m\n              \u001b[36m</span>\u001b[39m\n            \u001b[36m</div>\u001b[39m\n            \u001b[36m<div\u001b[39m\n              \u001b[33mclass\u001b[39m=\u001b[32m\"right-box\"\u001b[39m\n            \u001b[36m>\u001b[39m\n              \u001b[36m<h1>\u001b[39m\n                \u001b[0mAUTH STATES\u001b[0m\n              \u001b[36m</h1>\u001b[39m\n              \u001b[36m<form>\u001b[39m\n                \u001b[36m<div\u001b[39m\n                  \u001b[33mclass\u001b[39m=\u001b[32m\"input-field\"\u001b[39m\n                \u001b[36m>\u001b[39m\n                  \u001b[36m<span>\u001b[39m\n                    \u001b[0mID\u001b[0m\n                  \u001b[36m</span>\u001b[39m\n                  \u001b[36m<input\u001b[39m\n                    \u001b[33mdata-testid\u001b[39m=\u001b[32m\"id-input\"\u001b[39m\n                    \u001b[33mtype\u001b[39m=\u001b[32m\"text\"\u001b[39m\n                  \u001b[36m/>\u001b[39m\n                  \u001b[36m<span>\u001b[39m\n                    \u001b[0mPassword\u001b[0m\n                  \u001b[36m</span>\u001b[39m\n                  \u001b[36m<input\u001b[39m\n                    \u001b[33mdata-testid\u001b[39m=\u001b[32m\"password-input\"\u001b[39m\n                    \u001b[33mtype\u001b[39m=\u001b[32m\"password\"\u001b[39m\n                  \u001b[36m/>\u001b[39m\n                  \u001b[36m<label\u001b[39m\n                    \u001b[33mclass\u001b[39m=\u001b[32m\"checkbox-container\"\u001b[39m\n                  \u001b[36m>\u001b[39m\n                    \u001b[36m<input\u001b[39m\n                      \u001b[33mtype\u001b[39m=\u001b[32m\"checkbox\"\u001b[39m\n                    \u001b[36m/>\u001b[39m\n                    \u001b[0m 로그인 상태 유지하기\u001b[0m\n                  \u001b[36m</label>\u001b[39m\n                \u001b[36m</div>\u001b[39m\n                \u001b[36m<button\u001b[39m\n                  \u001b[33mtype\u001b[39m=\u001b[32m\"submit\"\u001b[39m\n                \u001b[36m>\u001b[39m\n                  \u001b[0mLOGIN\u001b[0m\n                \u001b[36m</button>\u001b[39m\n                \u001b[36m<div\u001b[39m\n                  \u001b[33mdata-testid\u001b[39m=\u001b[32m\"alert-message\"\u001b[39m\n                  \u001b[33mid\u001b[39m=\u001b[32m\"alert-message\"\u001b[39m\n                \u001b[36m>\u001b[39m\n                  \u001b[0m로그인에 실패했습니다.\u001b[0m\n                \u001b[36m</div>\u001b[39m\n              \u001b[36m</form>\u001b[39m\n            \u001b[36m</div>\u001b[39m\n          \u001b[36m</div>\u001b[39m\n        \u001b[36m</div>\u001b[39m\n      \u001b[36m</div>\u001b[39m\n    \u001b[36m</body>\u001b[39m\n\n      67 |     userEvent.click(loginBtn);\n      68 |\n    > 69 |     const logoutBtn = await screen.findByText('LOGOUT');\n         |                                    ^\n      70 |     expect(loginBtn).not.toBeInTheDocument();\n      71 |     expect(logoutBtn).toBeInTheDocument();\n      72 |   });\n\n      at waitForWrapper (node_modules/@testing-library/dom/dist/wait-for.js:187:27)\n      at findByText (node_modules/@testing-library/dom/dist/query-helpers.js:101:33)\n      at Object.<anonymous> (src/__test__/client.test.js:69:36)\n      at TestScheduler.scheduleTests (node_modules/@jest/core/build/TestScheduler.js:333:13)\n      at runJest (node_modules/@jest/core/build/runJest.js:404:19)\n      at _run10000 (node_modules/@jest/core/build/cli/index.js:320:7)\n      at runCLI (node_modules/@jest/core/build/cli/index.js:173:3)\n","name":"/home/emma/바탕화면/git/fe-sprint-auth-token/client/src/__test__/client.test.js","startTime":1683096159038,"status":"failed","summary":""}],"wasInterrupted":false}